<?xml version="1.0" encoding="UTF-8"?>
<!-- Generated by org.testng.reporters.JUnitXMLReporter -->
<testsuite hostname="YMORE2L3" ignored="0" name="Para" tests="4" failures="1" timestamp="2020-06-14T22:33:51 IST" time="0.051" errors="0">
  <testcase name="Dp" time="0.005" classname="test.Parameter"/>
  <testcase name="Dp" time="0.001" classname="test.Parameter"/>
  <testcase name="Dp" time="0.002" classname="test.Parameter"/>
  <testcase name="tryme" time="0.0" classname="test.Parameter">
    <failure type="org.testng.TestNGException" message="
Parameter &amp;apos;URxs&amp;apos; is required by @Test on method tryme but has not been marked @Optional or defined
in D:\Work_P\gitRepo\WETESTERR-MENTEE-YOGESH\TestNG_learning\testng.xml">
      <![CDATA[org.testng.TestNGException: 
Parameter 'URxs' is required by @Test on method tryme but has not been marked @Optional or defined
in D:\Work_P\gitRepo\WETESTERR-MENTEE-YOGESH\TestNG_learning\testng.xml
at java.util.ArrayList.forEach(Unknown Source)
... Removed 26 stack frames]]>
    </failure>
  </testcase> <!-- tryme -->
</testsuite> <!-- Para -->
