<?xml version="1.0" encoding="UTF-8"?>
<!-- Generated by org.testng.reporters.JUnitReportReporter -->
<testsuite skipped="0" hostname="YMORE2L3" name="test.Parameter" tests="4" failures="0" timestamp="2020-06-14T22:33:51 IST" time="0.008" errors="1">
  <testcase name="Dp" time="0.002" classname="test.Parameter"/>
  <system-out/>
  <testcase name="Dp" time="0.005" classname="test.Parameter"/>
  <system-out/>
  <testcase name="Dp" time="0.001" classname="test.Parameter"/>
  <system-out/>
  <testcase name="tryme" time="0.000" classname="test.Parameter">
    <error type="org.testng.TestNGException" message="
Parameter &#039;URxs&#039; is required by @Test on method tryme but has not been marked @Optional or defined
in D:\Work_P\gitRepo\WETESTERR-MENTEE-YOGESH\TestNG_learning\testng.xml">
      <![CDATA[org.testng.TestNGException: 
Parameter 'URxs' is required by @Test on method tryme but has not been marked @Optional or defined
in D:\Work_P\gitRepo\WETESTERR-MENTEE-YOGESH\TestNG_learning\testng.xml
at org.testng.internal.Parameters.createParams(Parameters.java:268)
at org.testng.internal.Parameters.createParametersForMethod(Parameters.java:356)
at org.testng.internal.Parameters.createParameters(Parameters.java:700)
at org.testng.internal.Parameters.handleParameters(Parameters.java:875)
at org.testng.internal.Parameters.handleParameters(Parameters.java:740)
at org.testng.internal.ParameterHandler.handleParameters(ParameterHandler.java:59)
at org.testng.internal.ParameterHandler.createParameters(ParameterHandler.java:38)
at org.testng.internal.TestInvoker$MethodInvocationAgent.invoke(TestInvoker.java:788)
at org.testng.internal.TestInvoker.invokeTestMethods(TestInvoker.java:147)
at org.testng.internal.TestMethodWorker.invokeTestMethods(TestMethodWorker.java:146)
at org.testng.internal.TestMethodWorker.run(TestMethodWorker.java:128)
at java.util.ArrayList.forEach(Unknown Source)
at org.testng.TestRunner.privateRun(TestRunner.java:767)
at org.testng.TestRunner.run(TestRunner.java:588)
at org.testng.SuiteRunner.runTest(SuiteRunner.java:384)
at org.testng.SuiteRunner.runSequentially(SuiteRunner.java:378)
at org.testng.SuiteRunner.privateRun(SuiteRunner.java:337)
at org.testng.SuiteRunner.run(SuiteRunner.java:286)
at org.testng.SuiteRunnerWorker.runSuite(SuiteRunnerWorker.java:53)
at org.testng.SuiteRunnerWorker.run(SuiteRunnerWorker.java:96)
at org.testng.TestNG.runSuitesSequentially(TestNG.java:1214)
at org.testng.TestNG.runSuitesLocally(TestNG.java:1136)
at org.testng.TestNG.runSuites(TestNG.java:1066)
at org.testng.TestNG.run(TestNG.java:1034)
at org.testng.remote.AbstractRemoteTestNG.run(AbstractRemoteTestNG.java:115)
at org.testng.remote.RemoteTestNG.initAndRun(RemoteTestNG.java:251)
at org.testng.remote.RemoteTestNG.main(RemoteTestNG.java:77)
]]>
    </error>
  </testcase> <!-- tryme -->
  <system-out/>
</testsuite> <!-- test.Parameter -->
